c:\users\mcfly\source\osapi\taskmanager\taskmanager\debug\taskmanager.pch
c:\users\mcfly\source\osapi\taskmanager\taskmanager\debug\vc142.pdb
c:\users\mcfly\source\osapi\taskmanager\taskmanager\debug\vc142.idb
c:\users\mcfly\source\osapi\taskmanager\taskmanager\debug\pch.obj
c:\users\mcfly\source\osapi\taskmanager\taskmanager\debug\taskmanagerdlg.obj
c:\users\mcfly\source\osapi\taskmanager\taskmanager\debug\taskmanager.obj
c:\users\mcfly\source\osapi\taskmanager\taskmanager\debug\ctaskdlg.obj
c:\users\mcfly\source\osapi\taskmanager\taskmanager\debug\cprocessdlg.obj
c:\users\mcfly\source\osapi\taskmanager\taskmanager\debug\cchartmemory.obj
c:\users\mcfly\source\osapi\taskmanager\taskmanager\debug\cchartgpu.obj
c:\users\mcfly\source\osapi\taskmanager\taskmanager\debug\cchartdlg.obj
c:\users\mcfly\source\osapi\taskmanager\taskmanager\debug\cchartcpu.obj
c:\users\mcfly\source\osapi\taskmanager\taskmanager\debug\taskmanager.res
c:\users\mcfly\source\osapi\taskmanager\debug\taskmanager.pdb
c:\users\mcfly\source\osapi\taskmanager\taskmanager\debug\taskmanager.tlog\cl.command.1.tlog
c:\users\mcfly\source\osapi\taskmanager\taskmanager\debug\taskmanager.tlog\cl.read.1.tlog
c:\users\mcfly\source\osapi\taskmanager\taskmanager\debug\taskmanager.tlog\cl.write.1.tlog
c:\users\mcfly\source\osapi\taskmanager\taskmanager\debug\taskmanager.tlog\link-cvtres.read.1.tlog
c:\users\mcfly\source\osapi\taskmanager\taskmanager\debug\taskmanager.tlog\link-cvtres.write.1.tlog
c:\users\mcfly\source\osapi\taskmanager\taskmanager\debug\taskmanager.tlog\link-mt.read.1.tlog
c:\users\mcfly\source\osapi\taskmanager\taskmanager\debug\taskmanager.tlog\link-mt.write.1.tlog
c:\users\mcfly\source\osapi\taskmanager\taskmanager\debug\taskmanager.tlog\link-rc.read.1.tlog
c:\users\mcfly\source\osapi\taskmanager\taskmanager\debug\taskmanager.tlog\link-rc.write.1.tlog
c:\users\mcfly\source\osapi\taskmanager\taskmanager\debug\taskmanager.tlog\link.command.1.tlog
c:\users\mcfly\source\osapi\taskmanager\taskmanager\debug\taskmanager.tlog\link.read.1.tlog
c:\users\mcfly\source\osapi\taskmanager\taskmanager\debug\taskmanager.tlog\link.write.1.tlog
c:\users\mcfly\source\osapi\taskmanager\taskmanager\debug\taskmanager.tlog\rc.command.1.tlog
c:\users\mcfly\source\osapi\taskmanager\taskmanager\debug\taskmanager.tlog\rc.read.1.tlog
c:\users\mcfly\source\osapi\taskmanager\taskmanager\debug\taskmanager.tlog\rc.write.1.tlog
