  pch.cpp
  CChartCPU.cpp
C:\Users\McFly\source\OSAPI\TaskManager\TaskManager\CChartCPU.cpp(214,123): warning C4244: “参数”: 从“_Ty”转换到“int”，可能丢失数据
          with
          [
              _Ty=double
          ]
C:\Users\McFly\source\OSAPI\TaskManager\TaskManager\CChartCPU.cpp(219,107): warning C4244: “参数”: 从“_Ty”转换到“int”，可能丢失数据
          with
          [
              _Ty=double
          ]
  CChartDlg.cpp
  CChartGPU.cpp
  CChartMemory.cpp
C:\Users\McFly\source\OSAPI\TaskManager\TaskManager\CChartMemory.cpp(101,91): warning C4244: “参数”: 从“double”转换到“int”，可能丢失数据
C:\Users\McFly\source\OSAPI\TaskManager\TaskManager\CChartMemory.cpp(110,72): warning C4244: “参数”: 从“double”转换到“int”，可能丢失数据
  CProcessDlg.cpp
  CTaskDlg.cpp
C:\Users\McFly\source\OSAPI\TaskManager\TaskManager\CTaskDlg.cpp(127,35): warning C4244: “return”: 从“double”转换到“ULONGLONG”，可能丢失数据
  TaskManager.cpp
  TaskManagerDlg.cpp
  正在生成代码...
C:\Users\McFly\source\OSAPI\TaskManager\TaskManager\CChartGPU.cpp(112): warning C4715: “CChartGPU::GetGPUsage”: 不是所有的控件路径都返回值
C:\Users\McFly\source\OSAPI\TaskManager\TaskManager\CChartGPU.cpp(134): warning C4715: “CChartGPU::GetGPUMemUsage”: 不是所有的控件路径都返回值
CChartGPU.obj : error LNK2019: 无法解析的外部符号 __imp__nvmlInit_v2，函数 "public: unsigned int __thiscall CChartGPU::GetGPUMemUsage(void)" (?GetGPUMemUsage@CChartGPU@@QAEIXZ) 中引用了该符号
CChartGPU.obj : error LNK2019: 无法解析的外部符号 __imp__nvmlDeviceGetHandleByIndex_v2，函数 "public: unsigned int __thiscall CChartGPU::GetGPUMemUsage(void)" (?GetGPUMemUsage@CChartGPU@@QAEIXZ) 中引用了该符号
CChartGPU.obj : error LNK2019: 无法解析的外部符号 __imp__nvmlDeviceGetName，函数 "public: void __thiscall CChartGPU::GetGPUName(class ATL::CStringT<wchar_t,class StrTraitMFC_DLL<wchar_t,class ATL::ChTraitsCRT<wchar_t> > > &)" (?GetGPUName@CChartGPU@@QAEXAAV?$CStringT@_WV?$StrTraitMFC_DLL@_WV?$ChTraitsCRT@_W@ATL@@@@@ATL@@@Z) 中引用了该符号
CChartGPU.obj : error LNK2019: 无法解析的外部符号 __imp__nvmlDeviceGetUtilizationRates，函数 "public: unsigned int __thiscall CChartGPU::GetGPUMemUsage(void)" (?GetGPUMemUsage@CChartGPU@@QAEIXZ) 中引用了该符号
nvml.lib : warning LNK4272: 库计算机类型“x64”与目标计算机类型“x86”冲突
C:\Users\McFly\source\OSAPI\TaskManager\Debug\TaskManager.exe : fatal error LNK1120: 4 个无法解析的外部命令
