c:\users\mcfly\source\osapi\taskmanager\taskmanager\x64\debug\taskmanager.pch
c:\users\mcfly\source\osapi\taskmanager\taskmanager\x64\debug\vc142.pdb
c:\users\mcfly\source\osapi\taskmanager\taskmanager\x64\debug\vc142.idb
c:\users\mcfly\source\osapi\taskmanager\taskmanager\x64\debug\pch.obj
c:\users\mcfly\source\osapi\taskmanager\taskmanager\x64\debug\taskmanagerdlg.obj
c:\users\mcfly\source\osapi\taskmanager\taskmanager\x64\debug\taskmanager.obj
c:\users\mcfly\source\osapi\taskmanager\taskmanager\x64\debug\ctaskdlg.obj
c:\users\mcfly\source\osapi\taskmanager\taskmanager\x64\debug\cprocessdlg.obj
c:\users\mcfly\source\osapi\taskmanager\taskmanager\x64\debug\cchartmemory.obj
c:\users\mcfly\source\osapi\taskmanager\taskmanager\x64\debug\cchartgpu.obj
c:\users\mcfly\source\osapi\taskmanager\taskmanager\x64\debug\cchartdlg.obj
c:\users\mcfly\source\osapi\taskmanager\taskmanager\x64\debug\cchartcpu.obj
c:\users\mcfly\source\osapi\taskmanager\taskmanager\x64\debug\taskmanager.ilk
c:\users\mcfly\source\osapi\taskmanager\x64\debug\taskmanager.exe
c:\users\mcfly\source\osapi\taskmanager\x64\debug\taskmanager.pdb
c:\users\mcfly\source\osapi\taskmanager\taskmanager\x64\debug\taskmanager.res
c:\users\mcfly\source\osapi\taskmanager\taskmanager\x64\debug\taskmanager.tlog\cl.command.1.tlog
c:\users\mcfly\source\osapi\taskmanager\taskmanager\x64\debug\taskmanager.tlog\cl.read.1.tlog
c:\users\mcfly\source\osapi\taskmanager\taskmanager\x64\debug\taskmanager.tlog\cl.write.1.tlog
c:\users\mcfly\source\osapi\taskmanager\taskmanager\x64\debug\taskmanager.tlog\link.command.1.tlog
c:\users\mcfly\source\osapi\taskmanager\taskmanager\x64\debug\taskmanager.tlog\link.read.1.tlog
c:\users\mcfly\source\osapi\taskmanager\taskmanager\x64\debug\taskmanager.tlog\link.write.1.tlog
c:\users\mcfly\source\osapi\taskmanager\taskmanager\x64\debug\taskmanager.tlog\rc.command.1.tlog
c:\users\mcfly\source\osapi\taskmanager\taskmanager\x64\debug\taskmanager.tlog\rc.read.1.tlog
c:\users\mcfly\source\osapi\taskmanager\taskmanager\x64\debug\taskmanager.tlog\rc.write.1.tlog
